2023-12-04 01:52:45 +0000  Initial pipeline context: <IDEDistributionProcessingPipelineContext: 0x2f4ace650; archive(resolved)="<IDEArchive: 0x600022872700>", distributionTask(resolved)="2", distributionDestination(resolved)="1", distributionMethod(resolved)="<IDEDistributionMethodDevelopmentSigned: 0x600054edf050>", team(resolved)="<IDEProvisioningDisambiguatableBasicTeam: 0x6000058ae1c0; teamID='625D2F4L5H', teamName='Guus Kamphuis', teamType='Individual', username='guuskamphuis@gmail.com', isFreeProvisioningTeam='0'>">
	Chain (15, self inclusive):
	<IDEDistributionProcessingPipelineContext: 0x2f4ace650; archive = "<IDEArchive: 0x600022872700>", distributionMethod="<IDEDistributionMethodDevelopmentSigned: 0x600054edf050>", team="<IDEProvisioningDisambiguatableBasicTeam: 0x6000058ae1c0; teamID='625D2F4L5H', teamName='Guus Kamphuis', teamType='Individual', username='guuskamphuis@gmail.com', isFreeProvisioningTeam='0'>">
	<IDEDistributionProcessingPipelineContext: 0x2f4aed1d0; archive = "<IDEArchive: 0x600022872700>", distributionMethod="<IDEDistributionMethodDevelopmentSigned: 0x600054edf050>", team="<IDEProvisioningDisambiguatableBasicTeam: 0x6000058ae1c0; teamID='625D2F4L5H', teamName='Guus Kamphuis', teamType='Individual', username='guuskamphuis@gmail.com', isFreeProvisioningTeam='0'>">
	<IDEDistributionContext: 0x2ff79f8d0; archive = "<IDEArchive: 0x600022872700>", distributionMethod="<IDEDistributionMethodDevelopmentSigned: 0x600054edf050>", team="<IDEProvisioningDisambiguatableBasicTeam: 0x6000058ae1c0; teamID='625D2F4L5H', teamName='Guus Kamphuis', teamType='Individual', username='guuskamphuis@gmail.com', isFreeProvisioningTeam='0'>">
	<IDEDistributionContext: 0x2cced4520; archive = "<IDEArchive: 0x600022872700>", distributionMethod="<IDEDistributionMethodDevelopmentSigned: 0x600054edf050>", team="<IDEProvisioningDisambiguatableBasicTeam: 0x6000058ae1c0; teamID='625D2F4L5H', teamName='Guus Kamphuis', teamType='Individual', username='guuskamphuis@gmail.com', isFreeProvisioningTeam='0'>">
	<IDEDistributionContext: 0x2f4ac8a20; archive = "<IDEArchive: 0x600022872700>", distributionMethod="<IDEDistributionMethodDevelopmentSigned: 0x600054edf050>", team="<IDEProvisioningDisambiguatableBasicTeam: 0x6000058ae1c0; teamID='625D2F4L5H', teamName='Guus Kamphuis', teamType='Individual', username='guuskamphuis@gmail.com', isFreeProvisioningTeam='0'>">
	<IDEDistributionContext: 0x2f4ac87f0; archive = "<IDEArchive: 0x600022872700>", distributionMethod="<IDEDistributionMethodDevelopmentSigned: 0x600054edf050>", team="<IDEProvisioningDisambiguatableBasicTeam: 0x6000058ae1c0; teamID='625D2F4L5H', teamName='Guus Kamphuis', teamType='Individual', username='guuskamphuis@gmail.com', isFreeProvisioningTeam='0'>">
	<IDEDistributionContext: 0x2f4af7750; archive = "<IDEArchive: 0x600022872700>", distributionMethod="<IDEDistributionMethodDevelopmentSigned: 0x600054edf050>", team="<IDEProvisioningDisambiguatableBasicTeam: 0x6000058ae1c0; teamID='625D2F4L5H', teamName='Guus Kamphuis', teamType='Individual', username='guuskamphuis@gmail.com', isFreeProvisioningTeam='0'>">
	<IDEDistributionContext: 0x2f4ac9aa0; archive = "<IDEArchive: 0x600022872700>", distributionMethod="<IDEDistributionMethodDevelopmentSigned: 0x600054edf050>", team="<IDEProvisioningDisambiguatableBasicTeam: 0x6000058ae1c0; teamID='625D2F4L5H', teamName='Guus Kamphuis', teamType='Individual', username='guuskamphuis@gmail.com', isFreeProvisioningTeam='0'>">
	<IDEDistributionContext: 0x2ff77dfe0; archive = "<IDEArchive: 0x600022872700>", distributionMethod="<IDEDistributionMethodDevelopmentSigned: 0x600054edf050>", team="<IDEProvisioningDisambiguatableBasicTeam: 0x6000058ae1c0; teamID='625D2F4L5H', teamName='Guus Kamphuis', teamType='Individual', username='guuskamphuis@gmail.com', isFreeProvisioningTeam='0'>">
	<IDEDistributionContext: 0x2ff77dc90; archive = "<IDEArchive: 0x600022872700>", distributionMethod="<IDEDistributionMethodDevelopmentSigned: 0x600054edf050>", team="(null)">
	<IDEDistributionContext: 0x2f1e80c90; archive = "<IDEArchive: 0x600022872700>", distributionMethod="<IDEDistributionMethodDevelopmentSigned: 0x600054edf050>", team="(null)">
	<IDEDistributionContext: 0x2f1e965a0; archive = "<IDEArchive: 0x600022872700>", distributionMethod="<IDEDistributionMethodDevelopmentSigned: 0x600054edf050>", team="(null)">
	<IDEDistributionContext: 0x2ff77d460; archive = "<IDEArchive: 0x600022872700>", distributionMethod="<IDEDistributionMethodDevelopmentSigned: 0x600054edf050>", team="(null)">
	<IDEDistributionContext: 0x2f1e68480; archive = "<IDEArchive: 0x600022872700>", distributionMethod="(null)", team="(null)">
	<IDEDistributionContext: 0x2cce52fb0; archive = "<IDEArchive: 0x600022872700>", distributionMethod="(null)", team="(null)">
</IDEDistributionProcessingPipelineContext: 0x2f4ace650>
2023-12-04 01:52:45 +0000  Processing step: IDEDistributionCreateDestRootStep
2023-12-04 01:52:45 +0000  Processing step: IDEDistributionCopyItemStep
2023-12-04 01:52:45 +0000  Running /usr/bin/ditto '-V' '/Users/zouti/Library/Developer/Xcode/Archives/2023-12-04/VisconSupport 04-12-2023, 02.47.xcarchive/Products/Applications/VisconSupport.app' '/var/folders/0q/wk4vk7lx10l4h04pqf8158hm0000gn/T/XcodeDistPipeline.~~~BEdkD4/Root/Payload/VisconSupport.app'
2023-12-04 01:52:45 +0000  >>> Copying /Users/zouti/Library/Developer/Xcode/Archives/2023-12-04/VisconSupport 04-12-2023, 02.47.xcarchive/Products/Applications/VisconSupport.app 
2023-12-04 01:52:45 +0000  copying file ./_CodeSignature/CodeResources ... 
2023-12-04 01:52:45 +0000  3581 bytes for ./_CodeSignature/CodeResources
2023-12-04 01:52:45 +0000  copying file ./Awesome_Awesome.bundle/fa-solid-900.ttf ... 
2023-12-04 01:52:45 +0000  303480 bytes for ./Awesome_Awesome.bundle/fa-solid-900.ttf
2023-12-04 01:52:45 +0000  copying file ./Awesome_Awesome.bundle/fa-regular-400.ttf ... 
2023-12-04 01:52:45 +0000  60380 bytes for ./Awesome_Awesome.bundle/fa-regular-400.ttf
2023-12-04 01:52:45 +0000  copying file ./Awesome_Awesome.bundle/fa-brands-400.ttf ... 
2023-12-04 01:52:45 +0000  180148 bytes for ./Awesome_Awesome.bundle/fa-brands-400.ttf
2023-12-04 01:52:45 +0000  copying file ./Awesome_Awesome.bundle/Info.plist ... 
2023-12-04 01:52:45 +0000  682 bytes for ./Awesome_Awesome.bundle/Info.plist
2023-12-04 01:52:45 +0000  copying file ./Assets.car ... 
2023-12-04 01:52:45 +0000  121935 bytes for ./Assets.car
2023-12-04 01:52:45 +0000  copying file ./VisconSupport ... 
2023-12-04 01:52:45 +0000  567072 bytes for ./VisconSupport
2023-12-04 01:52:45 +0000  copying file ./background.mp4 ... 
2023-12-04 01:52:45 +0000  29891825 bytes for ./background.mp4
copying file ./embedded.mobileprovision ... 
2023-12-04 01:52:45 +0000  12164 bytes for ./embedded.mobileprovision
copying file ./Info.plist ... 
1263 bytes for ./Info.plist
copying file ./PkgInfo ... 
8 bytes for ./PkgInfo
2023-12-04 01:52:45 +0000  /usr/bin/ditto exited with 0
2023-12-04 01:52:45 +0000  Processing step: IDEDistributionEmbedProfileStep
2023-12-04 01:52:45 +0000  Processing step: IDEDistributionInfoPlistStep
2023-12-04 01:52:45 +0000  Skipping step: IDEDistributionInfoPlistStep because it said so
2023-12-04 01:52:45 +0000  Processing step: IDEDistributionAppThinningPlistStep
2023-12-04 01:52:45 +0000  Skipping step: IDEDistributionAppThinningPlistStep because it said so
2023-12-04 01:52:45 +0000  Processing step: IDEDistributionCompileBitcodeStep
2023-12-04 01:52:45 +0000  Skipping step: IDEDistributionCompileBitcodeStep because it said so
2023-12-04 01:52:45 +0000  Processing step: IDEDistributionCodeSlimmingStep
2023-12-04 01:52:45 +0000  Processing step: IDEDistributionCopyBCSymbolMapsStep
2023-12-04 01:52:45 +0000  Skipping step: IDEDistributionCopyBCSymbolMapsStep because it said so
2023-12-04 01:52:45 +0000  Processing step: IDEDistributionSymbolsStep
2023-12-04 01:52:45 +0000  Skipping step: IDEDistributionSymbolsStep because it said so
2023-12-04 01:52:45 +0000  Processing step: IDEDistributionAppThinningStep
2023-12-04 01:52:45 +0000  Skipping step: IDEDistributionAppThinningStep because it said so
2023-12-04 01:52:45 +0000  Processing step: IDEDistributionArchThinningStep
2023-12-04 01:52:45 +0000  Running /Applications/Xcode-beta.app/Contents/Developer/Toolchains/XcodeDefault.xctoolchain/usr/bin/lipo '/var/folders/0q/wk4vk7lx10l4h04pqf8158hm0000gn/T/XcodeDistPipeline.~~~BEdkD4/Root/Payload/VisconSupport.app/VisconSupport' '-verify_arch' 'arm64e'
2023-12-04 01:52:45 +0000  /Applications/Xcode-beta.app/Contents/Developer/Toolchains/XcodeDefault.xctoolchain/usr/bin/lipo exited with 1
2023-12-04 01:52:45 +0000  Skipping architecture thinning for item "VisconSupport" because arch "arm64e" wasn't found
2023-12-04 01:52:45 +0000  Processing step: IDEDistributionODRStep
2023-12-04 01:52:45 +0000  Processing step: IDEDistributionStripXattrsStep
2023-12-04 01:52:45 +0000  Skipping stripping extended attributes because the codesign step will strip them.
2023-12-04 01:52:45 +0000  Processing step: IDEDistributionCodesignStep
2023-12-04 01:52:45 +0000  Entitlements for <IDEDistributionItem: 0x6000227fcd20; bundleID='com.ZoutigeWolf.VisconSupport', path='<DVTFilePath:0x6000226848c0:'/Users/zouti/Library/Developer/Xcode/Archives/2023-12-04/VisconSupport 04-12-2023, 02.47.xcarchive/Products/Applications/VisconSupport.app'>', codeSigningInfo='<_DVTCodeSigningInformation_Path: 0x600056ec4960; isSigned='1', isAdHocSigned='0', signingCertificate='<DVTSigningCertificate: 0x60000f845b00; name='Apple Development: Guus Kamphuis (GK6WCNJ9AS)', hash='E55BF20A87EEB05D9185ACBDC8187A4512556500', serialNumber='8F209D006E070F98B5C7278D0565C77', certificateKinds='(
    "1.2.840.113635.100.6.1.12",
    "1.2.840.113635.100.6.1.2"
), issueDate='2023-07-16 21:06:59 +0000''>', entitlements='{
    "application-identifier" = "625D2F4L5H.com.ZoutigeWolf.VisconSupport";
    "com.apple.developer.team-identifier" = 625D2F4L5H;
    "get-task-allow" = 1;
}', teamID='625D2F4L5H', identifier='com.ZoutigeWolf.VisconSupport', executablePath='<DVTFilePath:0x6000226e9d50:'/Users/zouti/Library/Developer/Xcode/Archives/2023-12-04/VisconSupport 04-12-2023, 02.47.xcarchive/Products/Applications/VisconSupport.app/VisconSupport'>', hardenedRuntime='0'>'>: {
    "application-identifier" = "625D2F4L5H.com.ZoutigeWolf.VisconSupport";
    "com.apple.developer.team-identifier" = 625D2F4L5H;
    "get-task-allow" = 1;
}
2023-12-04 01:52:45 +0000  Entitlements for <IDEDistributionItem: 0x6000227fcd20; bundleID='com.ZoutigeWolf.VisconSupport', path='<DVTFilePath:0x6000226848c0:'/Users/zouti/Library/Developer/Xcode/Archives/2023-12-04/VisconSupport 04-12-2023, 02.47.xcarchive/Products/Applications/VisconSupport.app'>', codeSigningInfo='<_DVTCodeSigningInformation_Path: 0x600056ec4960; isSigned='1', isAdHocSigned='0', signingCertificate='<DVTSigningCertificate: 0x60000f867840; name='Apple Development: Guus Kamphuis (GK6WCNJ9AS)', hash='E55BF20A87EEB05D9185ACBDC8187A4512556500', serialNumber='8F209D006E070F98B5C7278D0565C77', certificateKinds='(
    "1.2.840.113635.100.6.1.12",
    "1.2.840.113635.100.6.1.2"
), issueDate='2023-07-16 21:06:59 +0000''>', entitlements='{
    "application-identifier" = "625D2F4L5H.com.ZoutigeWolf.VisconSupport";
    "com.apple.developer.team-identifier" = 625D2F4L5H;
    "get-task-allow" = 1;
}', teamID='625D2F4L5H', identifier='com.ZoutigeWolf.VisconSupport', executablePath='<DVTFilePath:0x6000226e9d50:'/Users/zouti/Library/Developer/Xcode/Archives/2023-12-04/VisconSupport 04-12-2023, 02.47.xcarchive/Products/Applications/VisconSupport.app/VisconSupport'>', hardenedRuntime='0'>'> are: {
    "application-identifier" = "625D2F4L5H.com.ZoutigeWolf.VisconSupport";
    "com.apple.developer.team-identifier" = 625D2F4L5H;
    "get-task-allow" = 1;
}
2023-12-04 01:52:45 +0000  Writing entitlements for <IDEDistributionItem: 0x6000227fcd20; bundleID='com.ZoutigeWolf.VisconSupport', path='<DVTFilePath:0x6000226848c0:'/Users/zouti/Library/Developer/Xcode/Archives/2023-12-04/VisconSupport 04-12-2023, 02.47.xcarchive/Products/Applications/VisconSupport.app'>', codeSigningInfo='<_DVTCodeSigningInformation_Path: 0x600056ec4960; isSigned='1', isAdHocSigned='0', signingCertificate='<DVTSigningCertificate: 0x60000f70f0c0; name='Apple Development: Guus Kamphuis (GK6WCNJ9AS)', hash='E55BF20A87EEB05D9185ACBDC8187A4512556500', serialNumber='8F209D006E070F98B5C7278D0565C77', certificateKinds='(
    "1.2.840.113635.100.6.1.12",
    "1.2.840.113635.100.6.1.2"
), issueDate='2023-07-16 21:06:59 +0000''>', entitlements='{
    "application-identifier" = "625D2F4L5H.com.ZoutigeWolf.VisconSupport";
    "com.apple.developer.team-identifier" = 625D2F4L5H;
    "get-task-allow" = 1;
}', teamID='625D2F4L5H', identifier='com.ZoutigeWolf.VisconSupport', executablePath='<DVTFilePath:0x6000226e9d50:'/Users/zouti/Library/Developer/Xcode/Archives/2023-12-04/VisconSupport 04-12-2023, 02.47.xcarchive/Products/Applications/VisconSupport.app/VisconSupport'>', hardenedRuntime='0'>'> to: /var/folders/0q/wk4vk7lx10l4h04pqf8158hm0000gn/T/XcodeDistPipeline.~~~BEdkD4/entitlements~~~k2fnlX
2023-12-04 01:52:45 +0000  Running /usr/bin/codesign '-vvv' '--force' '--sign' 'E55BF20A87EEB05D9185ACBDC8187A4512556500' '--entitlements' '/var/folders/0q/wk4vk7lx10l4h04pqf8158hm0000gn/T/XcodeDistPipeline.~~~BEdkD4/entitlements~~~k2fnlX' '--generate-entitlement-der' '--preserve-metadata=identifier,flags,runtime' '/var/folders/0q/wk4vk7lx10l4h04pqf8158hm0000gn/T/XcodeDistPipeline.~~~BEdkD4/Root/Payload/VisconSupport.app'
2023-12-04 01:52:45 +0000  /var/folders/0q/wk4vk7lx10l4h04pqf8158hm0000gn/T/XcodeDistPipeline.~~~BEdkD4/Root/Payload/VisconSupport.app: replacing existing signature
2023-12-04 01:52:49 +0000  /var/folders/0q/wk4vk7lx10l4h04pqf8158hm0000gn/T/XcodeDistPipeline.~~~BEdkD4/Root/Payload/VisconSupport.app: signed app bundle with Mach-O thin (arm64) [com.ZoutigeWolf.VisconSupport]
2023-12-04 01:52:49 +0000  /usr/bin/codesign exited with 0
2023-12-04 01:52:49 +0000  Processing step: IDEDistributionZipODRItemStep
2023-12-04 01:52:49 +0000  Skipping step: IDEDistributionZipODRItemStep because it said so
2023-12-04 01:52:49 +0000  Processing step: IDEDistributionCreateIPAStep
2023-12-04 01:52:49 +0000  Running /usr/bin/ditto '-V' '-c' '-k' '--norsrc' '/var/folders/0q/wk4vk7lx10l4h04pqf8158hm0000gn/T/XcodeDistPipeline.~~~BEdkD4/Root' '/var/folders/0q/wk4vk7lx10l4h04pqf8158hm0000gn/T/XcodeDistPipeline.~~~BEdkD4/Packages/VisconSupport.ipa'
2023-12-04 01:52:49 +0000  >>> Copying /var/folders/0q/wk4vk7lx10l4h04pqf8158hm0000gn/T/XcodeDistPipeline.~~~BEdkD4/Root 
2023-12-04 01:52:49 +0000  copying file ./Payload/VisconSupport.app/_CodeSignature/CodeResources ... 
2023-12-04 01:52:49 +0000  3581 bytes for ./Payload/VisconSupport.app/_CodeSignature/CodeResources
2023-12-04 01:52:49 +0000  copying file ./Payload/VisconSupport.app/Awesome_Awesome.bundle/fa-solid-900.ttf ... 
2023-12-04 01:52:49 +0000  303480 bytes for ./Payload/VisconSupport.app/Awesome_Awesome.bundle/fa-solid-900.ttf
2023-12-04 01:52:49 +0000  copying file ./Payload/VisconSupport.app/Awesome_Awesome.bundle/fa-regular-400.ttf ... 
2023-12-04 01:52:49 +0000  60380 bytes for ./Payload/VisconSupport.app/Awesome_Awesome.bundle/fa-regular-400.ttf
copying file ./Payload/VisconSupport.app/Awesome_Awesome.bundle/fa-brands-400.ttf ... 
2023-12-04 01:52:49 +0000  180148 bytes for ./Payload/VisconSupport.app/Awesome_Awesome.bundle/fa-brands-400.ttf
2023-12-04 01:52:49 +0000  copying file ./Payload/VisconSupport.app/Awesome_Awesome.bundle/Info.plist ... 
682 bytes for ./Payload/VisconSupport.app/Awesome_Awesome.bundle/Info.plist
copying file ./Payload/VisconSupport.app/Assets.car ... 
2023-12-04 01:52:49 +0000  121935 bytes for ./Payload/VisconSupport.app/Assets.car
2023-12-04 01:52:49 +0000  copying file ./Payload/VisconSupport.app/VisconSupport ... 
2023-12-04 01:52:49 +0000  567072 bytes for ./Payload/VisconSupport.app/VisconSupport
2023-12-04 01:52:49 +0000  copying file ./Payload/VisconSupport.app/background.mp4 ... 
2023-12-04 01:52:50 +0000  29891825 bytes for ./Payload/VisconSupport.app/background.mp4
2023-12-04 01:52:50 +0000  copying file ./Payload/VisconSupport.app/embedded.mobileprovision ... 
2023-12-04 01:52:50 +0000  12164 bytes for ./Payload/VisconSupport.app/embedded.mobileprovision
2023-12-04 01:52:50 +0000  copying file ./Payload/VisconSupport.app/Info.plist ... 
2023-12-04 01:52:50 +0000  1263 bytes for ./Payload/VisconSupport.app/Info.plist
copying file ./Payload/VisconSupport.app/PkgInfo ... 
8 bytes for ./Payload/VisconSupport.app/PkgInfo
2023-12-04 01:52:50 +0000  /usr/bin/ditto exited with 0
2023-12-04 01:52:50 +0000  Processing step: IDEDistributionAppStoreInformationStep
2023-12-04 01:52:50 +0000  Skipping step: IDEDistributionAppStoreInformationStep because it said so
2023-12-04 01:52:50 +0000  Processing step: IDEDistributionGenerateProcessedDistributionItems
2023-12-04 01:52:50 +0000  IDEDistributionItem init <DVTFilePath:0x600022591f10:'/var/folders/0q/wk4vk7lx10l4h04pqf8158hm0000gn/T/XcodeDistPipeline.~~~BEdkD4/Root/Payload/VisconSupport.app'>
2023-12-04 01:52:50 +0000  Processing step: IDEDistributionCreateManifestStep
